<?xml version="1.0" encoding="UTF-8"?>
<!-- Generated by org.testng.reporters.JUnitReportReporter -->
<testsuite hostname="SRV03WAP101" failures="0" tests="1" name="com.Test.TestController" time="65.214" errors="0" timestamp="8 Mar 2019 04:32:47 GMT">
  <testcase classname="com.Test.TestController" name="TestCaseController" time="65.214"/>
</testsuite> <!-- com.Test.TestController -->
